<?xml version="1.0" encoding="UTF-8"?>
<testng-results ignored="1" total="2" passed="1" failed="0" skipped="0">
  <reporter-output>
  </reporter-output>
  <suite started-at="2025-03-25T09:11:06 IST" name="Master Suite" finished-at="2025-03-25T09:11:15 IST" duration-ms="8411">
    <groups>
      <group name="smoke">
        <method signature="RegisterTest.checkUserRegister()[pri:1, instance:testCases.RegisterTest@36cda2c2]" name="checkUserRegister" class="testCases.RegisterTest"/>
      </group> <!-- smoke -->
    </groups>
    <test started-at="2025-03-25T09:11:06 IST" name="Test1" finished-at="2025-03-25T09:11:15 IST" duration-ms="8411">
      <class name="testCases.RegisterTest">
        <test-method is-config="true" signature="launchBrowser(java.lang.String,java.lang.String)[pri:0, instance:testCases.RegisterTest@36cda2c2]" started-at="2025-03-25T09:11:07 IST" name="launchBrowser" finished-at="2025-03-25T09:11:12 IST" duration-ms="5041" status="PASS">
          <params>
            <param index="0">
              <value>
                <![CDATA[windows]]>
              </value>
            </param>
            <param index="1">
              <value>
                <![CDATA[chrome]]>
              </value>
            </param>
          </params>
          <reporter-output>
          </reporter-output>
        </test-method> <!-- launchBrowser -->
        <test-method signature="checkUserRegister()[pri:1, instance:testCases.RegisterTest@36cda2c2]" started-at="2025-03-25T09:11:12 IST" name="checkUserRegister" description="Register by user in the application" finished-at="2025-03-25T09:11:15 IST" duration-ms="2892" status="PASS">
          <reporter-output>
          </reporter-output>
        </test-method> <!-- checkUserRegister -->
        <test-method is-config="true" signature="quitBrowser()[pri:0, instance:testCases.RegisterTest@36cda2c2]" started-at="2025-03-25T09:11:15 IST" name="quitBrowser" finished-at="2025-03-25T09:11:15 IST" duration-ms="197" status="PASS">
          <reporter-output>
          </reporter-output>
        </test-method> <!-- quitBrowser -->
      </class> <!-- testCases.RegisterTest -->
    </test> <!-- Test1 -->
  </suite> <!-- Master Suite -->
</testng-results>
