<?xml version="1.0" encoding="UTF-8"?>
<!-- Generated by org.testng.reporters.JUnitXMLReporter -->
<testsuite ignored="0" hostname="LAPTOP-1BU66JUJ" failures="1" tests="6" name="Test3" time="37.176" errors="0" timestamp="2025-03-13T11:07:22 IST">
  <testcase classname="testCases.RegisterTest" name="checkUserRegister" time="8.018">
    <failure type="java.lang.AssertionError" message="null">
      <![CDATA[java.lang.AssertionError: null
at testCases.RegisterTest.checkUserRegister(RegisterTest.java:37)
at java.base/java.util.ArrayList.forEach(ArrayList.java:1511)
... Removed 29 stack frames]]>
    </failure>
  </testcase> <!-- checkUserRegister -->
  <testcase classname="testCases.LoginTest" name="checkUserLogin" time="4.743"/>
  <testcase classname="testCases.LoginDataDriven" name="loginDDT" time="3.314"/>
  <testcase classname="testCases.LoginDataDriven" name="loginDDT" time="2.013"/>
  <testcase classname="testCases.LoginDataDriven" name="loginDDT" time="3.712"/>
  <testcase classname="testCases.LoginDataDriven" name="loginDDT" time="1.946"/>
</testsuite> <!-- Test3 -->
